0 info it worked if it ends with ok
1 verbose cli [ '/usr/local/bin/node',
1 verbose cli   '/usr/local/bin/npm',
1 verbose cli   'install',
1 verbose cli   'websocket-server' ]
2 info using npm@1.4.28
3 info using node@v0.10.35
4 verbose cache add [ 'websocket-server', null ]
5 verbose cache add name=undefined spec="websocket-server" args=["websocket-server",null]
6 verbose parsed url { protocol: null,
6 verbose parsed url   slashes: null,
6 verbose parsed url   auth: null,
6 verbose parsed url   host: null,
6 verbose parsed url   port: null,
6 verbose parsed url   hostname: null,
6 verbose parsed url   hash: null,
6 verbose parsed url   search: null,
6 verbose parsed url   query: null,
6 verbose parsed url   pathname: 'websocket-server',
6 verbose parsed url   path: 'websocket-server',
6 verbose parsed url   href: 'websocket-server' }
7 silly lockFile c1a6b386-websocket-server websocket-server
8 verbose lock websocket-server /home/baiyushi/.npm/c1a6b386-websocket-server.lock
9 silly lockFile c1a6b386-websocket-server websocket-server
10 silly lockFile c1a6b386-websocket-server websocket-server
11 verbose addNamed [ 'websocket-server', '' ]
12 verbose addNamed [ null, '*' ]
13 silly lockFile e7aeb222-websocket-server websocket-server@
14 verbose lock websocket-server@ /home/baiyushi/.npm/e7aeb222-websocket-server.lock
15 silly addNameRange { name: 'websocket-server', range: '*', hasData: false }
16 verbose request where is /websocket-server
17 verbose request registry https://registry.npmjs.org/
18 verbose request id 9b605e32cf32f8ed
19 verbose url raw /websocket-server
20 verbose url resolving [ 'https://registry.npmjs.org/', './websocket-server' ]
21 verbose url resolved https://registry.npmjs.org/websocket-server
22 verbose request where is https://registry.npmjs.org/websocket-server
23 info trying registry request attempt 1 at 16:27:13
24 http GET https://registry.npmjs.org/websocket-server
25 http 404 https://registry.npmjs.org/websocket-server
26 silly registry.get cb [ 404,
26 silly registry.get   { date: 'Wed, 11 Mar 2015 08:27:05 GMT',
26 silly registry.get     server: 'CouchDB/1.5.0 (Erlang OTP/R16B03)',
26 silly registry.get     etag: '"61K8YJ5C8UVGH00B2RKKAX8QF"',
26 silly registry.get     'content-type': 'application/json',
26 silly registry.get     'cache-control': 'max-age=0',
26 silly registry.get     'content-length': '1689',
26 silly registry.get     'accept-ranges': 'bytes',
26 silly registry.get     via: '1.1 varnish',
26 silly registry.get     age: '0',
26 silly registry.get     'x-served-by': 'cache-lax1427-LAX',
26 silly registry.get     'x-cache': 'MISS',
26 silly registry.get     'x-cache-hits': '0',
26 silly registry.get     'x-timer': 'S1426062425.149330,VS0,VE41',
26 silly registry.get     vary: 'Accept',
26 silly registry.get     'keep-alive': 'timeout=10, max=50',
26 silly registry.get     connection: 'Keep-Alive' } ]
27 silly lockFile e7aeb222-websocket-server websocket-server@
28 silly lockFile e7aeb222-websocket-server websocket-server@
29 error 404 Not Found
29 error 404
29 error 404 'websocket-server' is not in the npm registry.
29 error 404 You should bug the author to publish it
29 error 404
29 error 404 Note that you can also install from a
29 error 404 tarball, folder, or http url, or git url.
30 error System Linux 3.13.0-24-generic
31 error command "/usr/local/bin/node" "/usr/local/bin/npm" "install" "websocket-server"
32 error cwd /media/baiyushi/data/workspace/html5
33 error node -v v0.10.35
34 error npm -v 1.4.28
35 error code E404
36 verbose exit [ 1, true ]
